Using pre-set license
Built from '2021.3/staging' branch; Version is '2021.3.6f1 (7da38d85baf6) revision 8233869'; Using compiler version '192829333'; Build Type 'Release'
OS: 'Windows 10  (10.0.18362) 64bit Professional' Language: 'ko' Physical Memory: 16318 MB
BatchMode: 1, IsHumanControllingUs: 0, StartBugReporterOnCrash: 0, Is64bit: 1, IsPro: 1

COMMAND LINE ARGUMENTS:
C:\Program Files\Unity\Hub\Editor\2021.3.6f1\Editor\Unity.exe
-adb2
-batchMode
-noUpm
-name
AssetImportWorker2
-projectPath
C:/Users/Administrator/Desktop/jb/2022.10.19
-logFile
Logs/AssetImportWorker2.log
-srvPort
57342
Successfully changed project path to: C:/Users/Administrator/Desktop/jb/2022.10.19
C:/Users/Administrator/Desktop/jb/2022.10.19
[UnityMemory] Configuration Parameters - Can be set up in boot.config
    "memorysetup-bucket-allocator-granularity=16"
    "memorysetup-bucket-allocator-bucket-count=8"
    "memorysetup-bucket-allocator-block-size=33554432"
    "memorysetup-bucket-allocator-block-count=8"
    "memorysetup-main-allocator-block-size=16777216"
    "memorysetup-thread-allocator-block-size=16777216"
    "memorysetup-gfx-main-allocator-block-size=16777216"
    "memorysetup-gfx-thread-allocator-block-size=16777216"
    "memorysetup-cache-allocator-block-size=4194304"
    "memorysetup-typetree-allocator-block-size=2097152"
    "memorysetup-profiler-bucket-allocator-granularity=16"
    "memorysetup-profiler-bucket-allocator-bucket-count=8"
    "memorysetup-profiler-bucket-allocator-block-size=33554432"
    "memorysetup-profiler-bucket-allocator-block-count=8"
    "memorysetup-profiler-allocator-block-size=16777216"
    "memorysetup-profiler-editor-allocator-block-size=1048576"
    "memorysetup-temp-allocator-size-main=16777216"
    "memorysetup-job-temp-allocator-block-size=2097152"
    "memorysetup-job-temp-allocator-block-size-background=1048576"
    "memorysetup-job-temp-allocator-reduction-small-platforms=262144"
    "memorysetup-temp-allocator-size-background-worker=32768"
    "memorysetup-temp-allocator-size-job-worker=262144"
    "memorysetup-temp-allocator-size-preload-manager=33554432"
    "memorysetup-temp-allocator-size-nav-mesh-worker=65536"
    "memorysetup-temp-allocator-size-audio-worker=65536"
    "memorysetup-temp-allocator-size-cloud-worker=32768"
    "memorysetup-temp-allocator-size-gi-baking-worker=262144"
    "memorysetup-temp-allocator-size-gfx=262144"
Refreshing native plugins compatible for Editor in 90.22 ms, found 4 plugins.
Preloading 0 native plugins for Editor in 0.00 ms.
Initialize engine version: 2021.3.6f1 (7da38d85baf6)
[Subsystems] Discovering subsystems at path C:/Program Files/Unity/Hub/Editor/2021.3.6f1/Editor/Data/Resources/UnitySubsystems
[Subsystems] Discovering subsystems at path C:/Users/Administrator/Desktop/jb/2022.10.19/Assets
GfxDevice: creating device client; threaded=0; jobified=0
Direct3D:
    Version:  Direct3D 11.0 [level 11.1]
    Renderer: NVIDIA GeForce GTX 1660 (ID=0x2184)
    Vendor:   NVIDIA
    VRAM:     5991 MB
    Driver:   27.21.14.5148
Initialize mono
Mono path[0] = 'C:/Program Files/Unity/Hub/Editor/2021.3.6f1/Editor/Data/Managed'
Mono path[1] = 'C:/Program Files/Unity/Hub/Editor/2021.3.6f1/Editor/Data/MonoBleedingEdge/lib/mono/unityjit-win32'
Mono config path = 'C:/Program Files/Unity/Hub/Editor/2021.3.6f1/Editor/Data/MonoBleedingEdge/etc'
Using monoOptions --debugger-agent=transport=dt_socket,embedding=1,server=y,suspend=n,address=127.0.0.1:56904
Begin MonoManager ReloadAssembly
Registering precompiled unity dll's ...
Register platform support module: C:/Program Files/Unity/Hub/Editor/2021.3.6f1/Editor/Data/PlaybackEngines/WindowsStandaloneSupport/UnityEditor.WindowsStandalone.Extensions.dll
Registered in 0.006369 seconds.
Native extension for WindowsStandalone target not found
Refreshing native plugins compatible for Editor in 83.92 ms, found 4 plugins.
Preloading 0 native plugins for Editor in 0.00 ms.
Mono: successfully reloaded assembly
- Completed reload, in  0.559 seconds
Domain Reload Profiling:
	ReloadAssembly (559ms)
		BeginReloadAssembly (70ms)
			ExecutionOrderSort (0ms)
			DisableScriptedObjects (0ms)
			BackupInstance (0ms)
			ReleaseScriptingObjects (0ms)
			CreateAndSetChildDomain (1ms)
		EndReloadAssembly (392ms)
			LoadAssemblies (67ms)
			RebuildTransferFunctionScriptingTraits (0ms)
			SetupTypeCache (88ms)
			ReleaseScriptCaches (0ms)
			RebuildScriptCaches (24ms)
			SetupLoadedEditorAssemblies (236ms)
				LogAssemblyErrors (0ms)
				InitializePlatformSupportModulesInManaged (6ms)
				SetLoadedEditorAssemblies (0ms)
				RefreshPlugins (84ms)
				BeforeProcessingInitializeOnLoad (1ms)
				ProcessInitializeOnLoadAttributes (104ms)
				ProcessInitializeOnLoadMethodAttributes (40ms)
				AfterProcessingInitializeOnLoad (0ms)
				EditorAssembliesLoaded (0ms)
			ExecutionOrderSort2 (0ms)
			AwakeInstancesAfterBackupRestoration (0ms)
Platform modules already initialized, skipping
Registering precompiled user dll's ...
Registered in 0.008023 seconds.
Begin MonoManager ReloadAssembly
Symbol file LoadedFromMemory doesn't match image C:\Users\Administrator\Desktop\jb\2022.10.19\Library\PackageCache\com.unity.visualscripting@1.7.8\Editor\VisualScripting.Core\Dependencies\YamlDotNet\Unity.VisualScripting.YamlDotNet.dll
Symbol file LoadedFromMemory doesn't match image C:\Users\Administrator\Desktop\jb\2022.10.19\Library\PackageCache\com.unity.visualscripting@1.7.8\Editor\VisualScripting.Core\Dependencies\DotNetZip\Unity.VisualScripting.IonicZip.dll
Native extension for WindowsStandalone target not found
Refreshing native plugins compatible for Editor in 86.63 ms, found 4 plugins.
Preloading 0 native plugins for Editor in 0.00 ms.
Mono: successfully reloaded assembly
- Completed reload, in  1.009 seconds
Domain Reload Profiling:
	ReloadAssembly (1010ms)
		BeginReloadAssembly (100ms)
			ExecutionOrderSort (0ms)
			DisableScriptedObjects (5ms)
			BackupInstance (0ms)
			ReleaseScriptingObjects (0ms)
			CreateAndSetChildDomain (17ms)
		EndReloadAssembly (809ms)
			LoadAssemblies (82ms)
			RebuildTransferFunctionScriptingTraits (0ms)
			SetupTypeCache (211ms)
			ReleaseScriptCaches (1ms)
			RebuildScriptCaches (48ms)
			SetupLoadedEditorAssemblies (425ms)
				LogAssemblyErrors (0ms)
				InitializePlatformSupportModulesInManaged (5ms)
				SetLoadedEditorAssemblies (0ms)
				RefreshPlugins (87ms)
				BeforeProcessingInitializeOnLoad (92ms)
				ProcessInitializeOnLoadAttributes (196ms)
				ProcessInitializeOnLoadMethodAttributes (36ms)
				AfterProcessingInitializeOnLoad (9ms)
				EditorAssembliesLoaded (0ms)
			ExecutionOrderSort2 (0ms)
			AwakeInstancesAfterBackupRestoration (6ms)
Platform modules already initialized, skipping
========================================================================
Worker process is ready to serve import requests
Launched and connected shader compiler UnityShaderCompiler.exe after 0.04 seconds
Refreshing native plugins compatible for Editor in 0.68 ms, found 4 plugins.
Preloading 0 native plugins for Editor in 0.00 ms.
Unloading 4057 Unused Serialized files (Serialized files now loaded: 0)
Unloading 44 unused Assets / (222.9 KB). Loaded Objects now: 4507.
Memory consumption went from 151.0 MB to 150.8 MB.
Total: 3.399300 ms (FindLiveObjects: 0.298000 ms CreateObjectMapping: 0.192300 ms MarkObjects: 2.774400 ms  DeleteObjects: 0.133900 ms)

AssetImportParameters requested are different than current active one (requested -> active):
  custom:video-decoder-ogg-theora: a1e56fd34408186e4bbccfd4996cb3dc -> 
  custom:container-muxer-webm: aa71ff27fc2769a1b78a27578f13a17b -> 
  custom:container-demuxer-webm: 4f35f7cbe854078d1ac9338744f61a02 -> 
  custom:video-encoder-webm-vp8: eb34c28f22e8b96e1ab97ce403110664 -> 
  custom:audio-encoder-webm-vorbis: bf7c407c2cedff20999df2af8eb42d56 -> 
  custom:framework-win-MediaFoundation: 216162199b28c13a410421893ffa2e32 -> 
  custom:container-demuxer-ogg: 62fdf1f143b41e24485cea50d1cbac27 -> 
  custom:video-decoder-webm-vp8: 9c59270c3fd7afecdb556c50c9e8de78 -> 
  custom:audio-decoder-ogg-vorbis: bf7c407c2cedff20999df2af8eb42d56 -> 
========================================================================
Received Import Request.
  Time since last request: 2664.805879 seconds.
  path: Assets/Sunnyland/artwork/Sprites/Enemies
  artifactKey: Guid(c7f1351336fe548caa5323a57a6c930a) Importer(815301076,1909f56bfc062723c751e8b465ee728b)
Start importing Assets/Sunnyland/artwork/Sprites/Enemies using Guid(c7f1351336fe548caa5323a57a6c930a) Importer(815301076,1909f56bfc062723c751e8b465ee728b)  -> (artifact id: 'eaf8a7c89d529a370dcf617faaf959cd') in 0.006646 seconds 
========================================================================
Received Import Request.
  Time since last request: 0.873560 seconds.
  path: Assets/Sunnyland/artwork/Sprites/Enemies/eagle
  artifactKey: Guid(b38ec059928884139a1fc35d6fb8bb08) Importer(815301076,1909f56bfc062723c751e8b465ee728b)
Start importing Assets/Sunnyland/artwork/Sprites/Enemies/eagle using Guid(b38ec059928884139a1fc35d6fb8bb08) Importer(815301076,1909f56bfc062723c751e8b465ee728b)  -> (artifact id: '70bf959703b68417ddd0113cebc14856') in 0.001719 seconds 
========================================================================
Received Import Request.
  Time since last request: 0.059055 seconds.
  path: Assets/Sunnyland/artwork/Sprites/Enemies/eagle/eagle-attack-1.png
  artifactKey: Guid(f240dfd4814d34d55a9b033f3c9d8a60) Importer(815301076,1909f56bfc062723c751e8b465ee728b)
Start importing Assets/Sunnyland/artwork/Sprites/Enemies/eagle/eagle-attack-1.png using Guid(f240dfd4814d34d55a9b033f3c9d8a60) Importer(815301076,1909f56bfc062723c751e8b465ee728b)  -> (artifact id: '2db1fa2310ef283fe6dd19e72a7baca7') in 0.096240 seconds 
========================================================================
Received Import Request.
  Time since last request: 1.968801 seconds.
  path: Assets/Sunnyland/artwork/Sprites/Enemies/frog/idle
  artifactKey: Guid(a7e0d8dacdac94b808e416f4fe68d8ee) Importer(815301076,1909f56bfc062723c751e8b465ee728b)
Start importing Assets/Sunnyland/artwork/Sprites/Enemies/frog/idle using Guid(a7e0d8dacdac94b808e416f4fe68d8ee) Importer(815301076,1909f56bfc062723c751e8b465ee728b)  -> (artifact id: '287214e2a40670d32c9415169110add0') in 0.001529 seconds 
========================================================================
Received Import Request.
  Time since last request: 0.063785 seconds.
  path: Assets/Sunnyland/artwork/Sprites/Enemies/frog/idle/frog-idle-1.png
  artifactKey: Guid(86ca59b9bca0e409b9ba2784fbe69f01) Importer(815301076,1909f56bfc062723c751e8b465ee728b)
Start importing Assets/Sunnyland/artwork/Sprites/Enemies/frog/idle/frog-idle-1.png using Guid(86ca59b9bca0e409b9ba2784fbe69f01) Importer(815301076,1909f56bfc062723c751e8b465ee728b)  -> (artifact id: 'a661f3fd751cba94601bbabfb06a5ec1') in 0.012766 seconds 
========================================================================
Received Import Request.
  Time since last request: 0.000020 seconds.
  path: Assets/Sunnyland/artwork/Sprites/Enemies/frog/idle/frog-idle-4.png
  artifactKey: Guid(b0305a6bb0adb4f66b864290967ea22b) Importer(815301076,1909f56bfc062723c751e8b465ee728b)
Start importing Assets/Sunnyland/artwork/Sprites/Enemies/frog/idle/frog-idle-4.png using Guid(b0305a6bb0adb4f66b864290967ea22b) Importer(815301076,1909f56bfc062723c751e8b465ee728b)  -> (artifact id: '3a9eecc97073d78a9e89affc92d0be93') in 0.010888 seconds 
========================================================================
Received Import Request.
  Time since last request: 3.705394 seconds.
  path: Assets/Sunnyland/artwork/Sprites/Fx/enemy-death
  artifactKey: Guid(8e410531b0ca844b79228da6d076824c) Importer(815301076,1909f56bfc062723c751e8b465ee728b)
Start importing Assets/Sunnyland/artwork/Sprites/Fx/enemy-death using Guid(8e410531b0ca844b79228da6d076824c) Importer(815301076,1909f56bfc062723c751e8b465ee728b)  -> (artifact id: '33498b1f5ff186194a032aec3d5cb824') in 0.001303 seconds 
========================================================================
Received Import Request.
  Time since last request: 0.068172 seconds.
  path: Assets/Sunnyland/artwork/Sprites/Fx/enemy-death/enemy-death-1.png
  artifactKey: Guid(815f73f3585044a32811d21502d58770) Importer(815301076,1909f56bfc062723c751e8b465ee728b)
Start importing Assets/Sunnyland/artwork/Sprites/Fx/enemy-death/enemy-death-1.png using Guid(815f73f3585044a32811d21502d58770) Importer(815301076,1909f56bfc062723c751e8b465ee728b)  -> (artifact id: '1a4d8424aa84795d90e18ce49ef24d65') in 0.013956 seconds 
========================================================================
Received Import Request.
  Time since last request: 0.000024 seconds.
  path: Assets/Sunnyland/artwork/Sprites/Fx/enemy-death/enemy-death-5.png
  artifactKey: Guid(635cdc790083c4be9a6a4feb8d976afc) Importer(815301076,1909f56bfc062723c751e8b465ee728b)
Start importing Assets/Sunnyland/artwork/Sprites/Fx/enemy-death/enemy-death-5.png using Guid(635cdc790083c4be9a6a4feb8d976afc) Importer(815301076,1909f56bfc062723c751e8b465ee728b)  -> (artifact id: 'af36bcfa3d30e6f65db690ee68f6d525') in 0.012534 seconds 
========================================================================
Received Import Request.
  Time since last request: 0.000021 seconds.
  path: Assets/Sunnyland/artwork/Sprites/Fx/enemy-death/enemy-death-4.png
  artifactKey: Guid(662dde2f5e71c4d47aadb2a90334c7c8) Importer(815301076,1909f56bfc062723c751e8b465ee728b)
Start importing Assets/Sunnyland/artwork/Sprites/Fx/enemy-death/enemy-death-4.png using Guid(662dde2f5e71c4d47aadb2a90334c7c8) Importer(815301076,1909f56bfc062723c751e8b465ee728b)  -> (artifact id: '27a148142c157a3f42af4a3ac4cc7cc6') in 0.013880 seconds 
========================================================================
Received Import Request.
  Time since last request: 4.656958 seconds.
  path: Assets/Sunnyland/artwork/Sprites/Items/cherry
  artifactKey: Guid(2b25fb0d2fb6b4c5f8439e2d629b7e73) Importer(815301076,1909f56bfc062723c751e8b465ee728b)
Start importing Assets/Sunnyland/artwork/Sprites/Items/cherry using Guid(2b25fb0d2fb6b4c5f8439e2d629b7e73) Importer(815301076,1909f56bfc062723c751e8b465ee728b)  -> (artifact id: 'be304a057f756f19c7e19ff495a47ebd') in 0.001393 seconds 
========================================================================
Received Import Request.
  Time since last request: 0.056453 seconds.
  path: Assets/Sunnyland/artwork/Sprites/Items/cherry/cherry-1.png
  artifactKey: Guid(bdce2a9cb3d0242958c2593a3b8d8742) Importer(815301076,1909f56bfc062723c751e8b465ee728b)
Start importing Assets/Sunnyland/artwork/Sprites/Items/cherry/cherry-1.png using Guid(bdce2a9cb3d0242958c2593a3b8d8742) Importer(815301076,1909f56bfc062723c751e8b465ee728b)  -> (artifact id: '950d55c2f9350a70571ca0682d41103d') in 0.012412 seconds 
========================================================================
Received Import Request.
  Time since last request: 0.000021 seconds.
  path: Assets/Sunnyland/artwork/Sprites/Items/cherry/cherry-7.png
  artifactKey: Guid(056b6a3f6e14d4af2a7d641c4dd44e79) Importer(815301076,1909f56bfc062723c751e8b465ee728b)
Start importing Assets/Sunnyland/artwork/Sprites/Items/cherry/cherry-7.png using Guid(056b6a3f6e14d4af2a7d641c4dd44e79) Importer(815301076,1909f56bfc062723c751e8b465ee728b)  -> (artifact id: 'a27dd17004bc1f881b330cc4c54f3563') in 0.011880 seconds 
========================================================================
Received Import Request.
  Time since last request: 0.000015 seconds.
  path: Assets/Sunnyland/artwork/Sprites/Items/cherry/cherry-4.png
  artifactKey: Guid(4f3dc6ccaf04b4061a059006d96715f1) Importer(815301076,1909f56bfc062723c751e8b465ee728b)
Start importing Assets/Sunnyland/artwork/Sprites/Items/cherry/cherry-4.png using Guid(4f3dc6ccaf04b4061a059006d96715f1) Importer(815301076,1909f56bfc062723c751e8b465ee728b)  -> (artifact id: '5ab28430ae9fee2e46b9e857ef92dd16') in 0.018849 seconds 
========================================================================
Received Import Request.
  Time since last request: 2.406527 seconds.
  path: Assets/Sunnyland/artwork/Sprites/player/climb
  artifactKey: Guid(dc73f951b664d4f40a2fcda33eea4adb) Importer(815301076,1909f56bfc062723c751e8b465ee728b)
Start importing Assets/Sunnyland/artwork/Sprites/player/climb using Guid(dc73f951b664d4f40a2fcda33eea4adb) Importer(815301076,1909f56bfc062723c751e8b465ee728b)  -> (artifact id: 'cb61fdf1efb2d7d8fa304eeb8d86790f') in 0.001307 seconds 
========================================================================
Received Import Request.
  Time since last request: 0.065867 seconds.
  path: Assets/Sunnyland/artwork/Sprites/player/climb/player-climb-1.png
  artifactKey: Guid(be30195fa34cc45258a6ab7011cb297b) Importer(815301076,1909f56bfc062723c751e8b465ee728b)
Start importing Assets/Sunnyland/artwork/Sprites/player/climb/player-climb-1.png using Guid(be30195fa34cc45258a6ab7011cb297b) Importer(815301076,1909f56bfc062723c751e8b465ee728b)  -> (artifact id: '93f70c12d1e372dfbc8024881c595977') in 0.012301 seconds 
========================================================================
Received Import Request.
  Time since last request: 5.292435 seconds.
  path: Assets/Sunnyland/artwork/Sprites/player/crouch/player-crouch-1.png
  artifactKey: Guid(9878b6f1290ef41e88b30f08f68537fd) Importer(815301076,1909f56bfc062723c751e8b465ee728b)
Start importing Assets/Sunnyland/artwork/Sprites/player/crouch/player-crouch-1.png using Guid(9878b6f1290ef41e88b30f08f68537fd) Importer(815301076,1909f56bfc062723c751e8b465ee728b)  -> (artifact id: 'ddc3629d37e9eace34db9f0e480709dc') in 0.011357 seconds 
========================================================================
Received Import Request.
  Time since last request: 23.907391 seconds.
  path: Assets
  artifactKey: Guid(00000000000000001000000000000000) Importer(815301076,1909f56bfc062723c751e8b465ee728b)
Start importing Assets using Guid(00000000000000001000000000000000) Importer(815301076,1909f56bfc062723c751e8b465ee728b)  -> (artifact id: '79842766b460edbeab6a34051e857a80') in 0.001221 seconds 
========================================================================
Received Import Request.
  Time since last request: 13.745283 seconds.
  path: Assets/Resources
  artifactKey: Guid(7c766094a0e548243a42d0483a24cc31) Importer(815301076,1909f56bfc062723c751e8b465ee728b)
Start importing Assets/Resources using Guid(7c766094a0e548243a42d0483a24cc31) Importer(815301076,1909f56bfc062723c751e8b465ee728b)  -> (artifact id: '06731081e6d1dabec797095408ed55bb') in 0.001554 seconds 
========================================================================
Received Import Request.
  Time since last request: 23.641222 seconds.
  path: Assets/Resources/Ani
  artifactKey: Guid(811ae9152d047a44c9f0ca5fdc0fdfdd) Importer(815301076,1909f56bfc062723c751e8b465ee728b)
Start importing Assets/Resources/Ani using Guid(811ae9152d047a44c9f0ca5fdc0fdfdd) Importer(815301076,1909f56bfc062723c751e8b465ee728b)  -> (artifact id: 'b386d03e6954ac63aa2158271dd9c625') in 0.001379 seconds 
========================================================================
Received Import Request.
  Time since last request: 9.622371 seconds.
  path: Assets/Resources/Scripts
  artifactKey: Guid(1140fa4ee7fb17d4d836929d6b9c03c1) Importer(815301076,1909f56bfc062723c751e8b465ee728b)
Start importing Assets/Resources/Scripts using Guid(1140fa4ee7fb17d4d836929d6b9c03c1) Importer(815301076,1909f56bfc062723c751e8b465ee728b)  -> (artifact id: 'f199b9550401554801f8a77c2ade9223') in 0.001557 seconds 
========================================================================
Received Import Request.
  Time since last request: 15.428914 seconds.
  path: Assets/Resources/Texture
  artifactKey: Guid(b60d55e83e33c8449a220c36e327ecfd) Importer(815301076,1909f56bfc062723c751e8b465ee728b)
Start importing Assets/Resources/Texture using Guid(b60d55e83e33c8449a220c36e327ecfd) Importer(815301076,1909f56bfc062723c751e8b465ee728b)  -> (artifact id: '3e9f63765675f4e38cdea33e41f50fe0') in 0.001543 seconds 
========================================================================
Received Import Request.
  Time since last request: 5.389303 seconds.
  path: Assets/Resources/Textures
  artifactKey: Guid(b60d55e83e33c8449a220c36e327ecfd) Importer(815301076,1909f56bfc062723c751e8b465ee728b)
Start importing Assets/Resources/Textures using Guid(b60d55e83e33c8449a220c36e327ecfd) Importer(815301076,1909f56bfc062723c751e8b465ee728b)  -> (artifact id: 'b00e03be24107465d6442d77fcb58348') in 0.001581 seconds 
========================================================================
Received Import Request.
  Time since last request: 32.722656 seconds.
  path: Assets/Sunnyland/artwork/Sprites/Items
  artifactKey: Guid(b43334bbe1d1849df80f90877d981b8b) Importer(815301076,1909f56bfc062723c751e8b465ee728b)
Start importing Assets/Sunnyland/artwork/Sprites/Items using Guid(b43334bbe1d1849df80f90877d981b8b) Importer(815301076,1909f56bfc062723c751e8b465ee728b)  -> (artifact id: '92ce0f91429339552c5f76724142d6cd') in 0.001525 seconds 
========================================================================
Received Import Request.
  Time since last request: 0.329246 seconds.
  path: Assets/Sunnyland/artwork/Sprites/player
  artifactKey: Guid(c38f07c49aff74810b5ee46bc2a90197) Importer(815301076,1909f56bfc062723c751e8b465ee728b)
Start importing Assets/Sunnyland/artwork/Sprites/player using Guid(c38f07c49aff74810b5ee46bc2a90197) Importer(815301076,1909f56bfc062723c751e8b465ee728b)  -> (artifact id: '413626d19eab3e1025e0eb7955546a6d') in 0.001516 seconds 
========================================================================
Received Prepare
Registering precompiled user dll's ...
Registered in 0.007689 seconds.
Begin MonoManager ReloadAssembly
Symbol file LoadedFromMemory doesn't match image C:\Users\Administrator\Desktop\jb\2022.10.19\Library\PackageCache\com.unity.visualscripting@1.7.8\Editor\VisualScripting.Core\Dependencies\YamlDotNet\Unity.VisualScripting.YamlDotNet.dll
Symbol file LoadedFromMemory doesn't match image C:\Users\Administrator\Desktop\jb\2022.10.19\Library\PackageCache\com.unity.visualscripting@1.7.8\Editor\VisualScripting.Core\Dependencies\DotNetZip\Unity.VisualScripting.IonicZip.dll
Native extension for WindowsStandalone target not found
Refreshing native plugins compatible for Editor in 0.75 ms, found 4 plugins.
Preloading 0 native plugins for Editor in 0.00 ms.
Mono: successfully reloaded assembly
- Completed reload, in  0.987 seconds
Domain Reload Profiling:
	ReloadAssembly (988ms)
		BeginReloadAssembly (124ms)
			ExecutionOrderSort (0ms)
			DisableScriptedObjects (6ms)
			BackupInstance (0ms)
			ReleaseScriptingObjects (0ms)
			CreateAndSetChildDomain (34ms)
		EndReloadAssembly (763ms)
			LoadAssemblies (89ms)
			RebuildTransferFunctionScriptingTraits (0ms)
			SetupTypeCache (242ms)
			ReleaseScriptCaches (1ms)
			RebuildScriptCaches (45ms)
			SetupLoadedEditorAssemblies (340ms)
				LogAssemblyErrors (0ms)
				InitializePlatformSupportModulesInManaged (12ms)
				SetLoadedEditorAssemblies (0ms)
				RefreshPlugins (1ms)
				BeforeProcessingInitializeOnLoad (81ms)
				ProcessInitializeOnLoadAttributes (196ms)
				ProcessInitializeOnLoadMethodAttributes (39ms)
				AfterProcessingInitializeOnLoad (11ms)
				EditorAssembliesLoaded (0ms)
			ExecutionOrderSort2 (0ms)
			AwakeInstancesAfterBackupRestoration (12ms)
Platform modules already initialized, skipping
Refreshing native plugins compatible for Editor in 2.79 ms, found 4 plugins.
Preloading 0 native plugins for Editor in 0.00 ms.
Unloading 4052 Unused Serialized files (Serialized files now loaded: 0)
Unloading 31 unused Assets / (189.9 KB). Loaded Objects now: 4521.
Memory consumption went from 155.3 MB to 155.1 MB.
Total: 3.718100 ms (FindLiveObjects: 0.336200 ms CreateObjectMapping: 0.289700 ms MarkObjects: 2.964200 ms  DeleteObjects: 0.127000 ms)

AssetImportParameters requested are different than current active one (requested -> active):
  custom:video-decoder-ogg-theora: a1e56fd34408186e4bbccfd4996cb3dc -> 
  custom:container-muxer-webm: aa71ff27fc2769a1b78a27578f13a17b -> 
  custom:container-demuxer-webm: 4f35f7cbe854078d1ac9338744f61a02 -> 
  custom:video-encoder-webm-vp8: eb34c28f22e8b96e1ab97ce403110664 -> 
  custom:audio-encoder-webm-vorbis: bf7c407c2cedff20999df2af8eb42d56 -> 
  custom:framework-win-MediaFoundation: 216162199b28c13a410421893ffa2e32 -> 
  custom:container-demuxer-ogg: 62fdf1f143b41e24485cea50d1cbac27 -> 
  custom:video-decoder-webm-vp8: 9c59270c3fd7afecdb556c50c9e8de78 -> 
  custom:audio-decoder-ogg-vorbis: bf7c407c2cedff20999df2af8eb42d56 -> 
========================================================================
Received Prepare
Registering precompiled user dll's ...
Registered in 0.007967 seconds.
Begin MonoManager ReloadAssembly
Symbol file LoadedFromMemory doesn't match image C:\Users\Administrator\Desktop\jb\2022.10.19\Library\PackageCache\com.unity.visualscripting@1.7.8\Editor\VisualScripting.Core\Dependencies\YamlDotNet\Unity.VisualScripting.YamlDotNet.dll
Symbol file LoadedFromMemory doesn't match image C:\Users\Administrator\Desktop\jb\2022.10.19\Library\PackageCache\com.unity.visualscripting@1.7.8\Editor\VisualScripting.Core\Dependencies\DotNetZip\Unity.VisualScripting.IonicZip.dll
Native extension for WindowsStandalone target not found
Refreshing native plugins compatible for Editor in 0.85 ms, found 4 plugins.
Preloading 0 native plugins for Editor in 0.00 ms.
Mono: successfully reloaded assembly
- Completed reload, in  1.006 seconds
Domain Reload Profiling:
	ReloadAssembly (1007ms)
		BeginReloadAssembly (129ms)
			ExecutionOrderSort (0ms)
			DisableScriptedObjects (6ms)
			BackupInstance (0ms)
			ReleaseScriptingObjects (0ms)
			CreateAndSetChildDomain (37ms)
		EndReloadAssembly (772ms)
			LoadAssemblies (93ms)
			RebuildTransferFunctionScriptingTraits (0ms)
			SetupTypeCache (242ms)
			ReleaseScriptCaches (1ms)
			RebuildScriptCaches (44ms)
			SetupLoadedEditorAssemblies (344ms)
				LogAssemblyErrors (0ms)
				InitializePlatformSupportModulesInManaged (12ms)
				SetLoadedEditorAssemblies (0ms)
				RefreshPlugins (1ms)
				BeforeProcessingInitializeOnLoad (85ms)
				ProcessInitializeOnLoadAttributes (200ms)
				ProcessInitializeOnLoadMethodAttributes (37ms)
				AfterProcessingInitializeOnLoad (8ms)
				EditorAssembliesLoaded (0ms)
			ExecutionOrderSort2 (0ms)
			AwakeInstancesAfterBackupRestoration (12ms)
Platform modules already initialized, skipping
Refreshing native plugins compatible for Editor in 2.54 ms, found 4 plugins.
Preloading 0 native plugins for Editor in 0.00 ms.
Unloading 4052 Unused Serialized files (Serialized files now loaded: 0)
Unloading 31 unused Assets / (190.2 KB). Loaded Objects now: 4524.
Memory consumption went from 155.3 MB to 155.2 MB.
Total: 3.394400 ms (FindLiveObjects: 0.303500 ms CreateObjectMapping: 0.183500 ms MarkObjects: 2.772000 ms  DeleteObjects: 0.133900 ms)

AssetImportParameters requested are different than current active one (requested -> active):
  custom:video-decoder-ogg-theora: a1e56fd34408186e4bbccfd4996cb3dc -> 
  custom:container-muxer-webm: aa71ff27fc2769a1b78a27578f13a17b -> 
  custom:container-demuxer-webm: 4f35f7cbe854078d1ac9338744f61a02 -> 
  custom:video-encoder-webm-vp8: eb34c28f22e8b96e1ab97ce403110664 -> 
  custom:audio-encoder-webm-vorbis: bf7c407c2cedff20999df2af8eb42d56 -> 
  custom:framework-win-MediaFoundation: 216162199b28c13a410421893ffa2e32 -> 
  custom:container-demuxer-ogg: 62fdf1f143b41e24485cea50d1cbac27 -> 
  custom:video-decoder-webm-vp8: 9c59270c3fd7afecdb556c50c9e8de78 -> 
  custom:audio-decoder-ogg-vorbis: bf7c407c2cedff20999df2af8eb42d56 -> 
========================================================================
Received Import Request.
  Time since last request: 142.214668 seconds.
  path: Assets/Sunnyland/artwork/Sprites/player/run
  artifactKey: Guid(36eea592e53a047d6be03259ef1ee568) Importer(815301076,1909f56bfc062723c751e8b465ee728b)
Start importing Assets/Sunnyland/artwork/Sprites/player/run using Guid(36eea592e53a047d6be03259ef1ee568) Importer(815301076,1909f56bfc062723c751e8b465ee728b)  -> (artifact id: '987555cfac803ac733a19d64c970f1a4') in 0.005663 seconds 
========================================================================
Received Import Request.
  Time since last request: 0.654597 seconds.
  path: Assets/Sunnyland/artwork/Sprites/player/crouch
  artifactKey: Guid(4c9ebeabb610844eb88fb92140ac4cb7) Importer(815301076,1909f56bfc062723c751e8b465ee728b)
Start importing Assets/Sunnyland/artwork/Sprites/player/crouch using Guid(4c9ebeabb610844eb88fb92140ac4cb7) Importer(815301076,1909f56bfc062723c751e8b465ee728b)  -> (artifact id: 'a5bd0e534346fc04b8b3a182d1275f3a') in 0.001709 seconds 
========================================================================
Received Import Request.
  Time since last request: 37.886748 seconds.
  path: Assets/Sunnyland/artwork/Sprites/player/crouch/player-crouch-1.controller
  artifactKey: Guid(58aea69ac3c3bdf4980283be0ef7fcfd) Importer(815301076,1909f56bfc062723c751e8b465ee728b)
Start importing Assets/Sunnyland/artwork/Sprites/player/crouch/player-crouch-1.controller using Guid(58aea69ac3c3bdf4980283be0ef7fcfd) Importer(815301076,1909f56bfc062723c751e8b465ee728b)  -> (artifact id: '216face8af763ea0ff07d46f7ecae008') in 0.010607 seconds 
========================================================================
Received Prepare
Registering precompiled user dll's ...
Registered in 0.007627 seconds.
Begin MonoManager ReloadAssembly
Symbol file LoadedFromMemory doesn't match image C:\Users\Administrator\Desktop\jb\2022.10.19\Library\PackageCache\com.unity.visualscripting@1.7.8\Editor\VisualScripting.Core\Dependencies\YamlDotNet\Unity.VisualScripting.YamlDotNet.dll
Symbol file LoadedFromMemory doesn't match image C:\Users\Administrator\Desktop\jb\2022.10.19\Library\PackageCache\com.unity.visualscripting@1.7.8\Editor\VisualScripting.Core\Dependencies\DotNetZip\Unity.VisualScripting.IonicZip.dll
Native extension for WindowsStandalone target not found
Refreshing native plugins compatible for Editor in 0.75 ms, found 4 plugins.
Preloading 0 native plugins for Editor in 0.00 ms.
Mono: successfully reloaded assembly
- Completed reload, in  0.946 seconds
Domain Reload Profiling:
	ReloadAssembly (947ms)
		BeginReloadAssembly (125ms)
			ExecutionOrderSort (0ms)
			DisableScriptedObjects (6ms)
			BackupInstance (0ms)
			ReleaseScriptingObjects (0ms)
			CreateAndSetChildDomain (36ms)
		EndReloadAssembly (727ms)
			LoadAssemblies (89ms)
			RebuildTransferFunctionScriptingTraits (0ms)
			SetupTypeCache (225ms)
			ReleaseScriptCaches (1ms)
			RebuildScriptCaches (43ms)
			SetupLoadedEditorAssemblies (326ms)
				LogAssemblyErrors (0ms)
				InitializePlatformSupportModulesInManaged (12ms)
				SetLoadedEditorAssemblies (0ms)
				RefreshPlugins (1ms)
				BeforeProcessingInitializeOnLoad (76ms)
				ProcessInitializeOnLoadAttributes (190ms)
				ProcessInitializeOnLoadMethodAttributes (39ms)
				AfterProcessingInitializeOnLoad (8ms)
				EditorAssembliesLoaded (0ms)
			ExecutionOrderSort2 (0ms)
			AwakeInstancesAfterBackupRestoration (9ms)
Platform modules already initialized, skipping
Refreshing native plugins compatible for Editor in 2.42 ms, found 4 plugins.
Preloading 0 native plugins for Editor in 0.00 ms.
Unloading 4052 Unused Serialized files (Serialized files now loaded: 0)
Unloading 31 unused Assets / (189.7 KB). Loaded Objects now: 4527.
Memory consumption went from 155.4 MB to 155.2 MB.
Total: 3.069500 ms (FindLiveObjects: 0.337800 ms CreateObjectMapping: 0.221700 ms MarkObjects: 2.394300 ms  DeleteObjects: 0.114600 ms)

AssetImportParameters requested are different than current active one (requested -> active):
  custom:video-decoder-ogg-theora: a1e56fd34408186e4bbccfd4996cb3dc -> 
  custom:container-muxer-webm: aa71ff27fc2769a1b78a27578f13a17b -> 
  custom:container-demuxer-webm: 4f35f7cbe854078d1ac9338744f61a02 -> 
  custom:video-encoder-webm-vp8: eb34c28f22e8b96e1ab97ce403110664 -> 
  custom:audio-encoder-webm-vorbis: bf7c407c2cedff20999df2af8eb42d56 -> 
  custom:framework-win-MediaFoundation: 216162199b28c13a410421893ffa2e32 -> 
  custom:container-demuxer-ogg: 62fdf1f143b41e24485cea50d1cbac27 -> 
  custom:video-decoder-webm-vp8: 9c59270c3fd7afecdb556c50c9e8de78 -> 
  custom:audio-decoder-ogg-vorbis: bf7c407c2cedff20999df2af8eb42d56 -> 
========================================================================
Received Import Request.
  Time since last request: 48.720525 seconds.
  path: Assets/Sunnyland/artwork/Sprites/Fx
  artifactKey: Guid(879348f5081814f15b74a637aff1805d) Importer(815301076,1909f56bfc062723c751e8b465ee728b)
Start importing Assets/Sunnyland/artwork/Sprites/Fx using Guid(879348f5081814f15b74a637aff1805d) Importer(815301076,1909f56bfc062723c751e8b465ee728b)  -> (artifact id: 'b79bead9e66c28ec3e5e7ee5c1bb69f2') in 0.005699 seconds 
========================================================================
Received Import Request.
  Time since last request: 25.028933 seconds.
  path: Assets/Sunnyland/artwork/Environment/tileset-sliced.png
  artifactKey: Guid(261212b977f594d5dbc48631a5c1295c) Importer(815301076,1909f56bfc062723c751e8b465ee728b)
Start importing Assets/Sunnyland/artwork/Environment/tileset-sliced.png using Guid(261212b977f594d5dbc48631a5c1295c) Importer(815301076,1909f56bfc062723c751e8b465ee728b)  -> (artifact id: '4339b3c692e4736c97b3a363cc53021d') in 0.374511 seconds 
========================================================================
Received Import Request.
  Time since last request: 9.226378 seconds.
  path: Assets/Sunnyland/artwork/Environment/tileset-sliced.png
  artifactKey: Guid(261212b977f594d5dbc48631a5c1295c) Importer(815301076,1909f56bfc062723c751e8b465ee728b)
Start importing Assets/Sunnyland/artwork/Environment/tileset-sliced.png using Guid(261212b977f594d5dbc48631a5c1295c) Importer(815301076,1909f56bfc062723c751e8b465ee728b)  -> (artifact id: 'a71b58a0a4a077b9bd51465a25645d52') in 0.325967 seconds 
========================================================================
Received Import Request.
  Time since last request: 15.076628 seconds.
  path: Assets/Sunnyland/artwork/Environment/tileset-sliced.png
  artifactKey: Guid(261212b977f594d5dbc48631a5c1295c) Importer(815301076,1909f56bfc062723c751e8b465ee728b)
Start importing Assets/Sunnyland/artwork/Environment/tileset-sliced.png using Guid(261212b977f594d5dbc48631a5c1295c) Importer(815301076,1909f56bfc062723c751e8b465ee728b)  -> (artifact id: '26c16d004d4c7b0c603eb72879230702') in 0.344496 seconds 
========================================================================
Received Import Request.
  Time since last request: 4.047300 seconds.
  path: Assets/Sunnyland/artwork/Environment/tileset-sliced.png
  artifactKey: Guid(261212b977f594d5dbc48631a5c1295c) Importer(815301076,1909f56bfc062723c751e8b465ee728b)
Start importing Assets/Sunnyland/artwork/Environment/tileset-sliced.png using Guid(261212b977f594d5dbc48631a5c1295c) Importer(815301076,1909f56bfc062723c751e8b465ee728b)  -> (artifact id: '53bd17e7070deebc03126a44d6c22912') in 0.400610 seconds 
========================================================================
Received Import Request.
  Time since last request: 7.306501 seconds.
  path: Assets/Sunnyland/artwork/Environment/tileset-sliced.png
  artifactKey: Guid(261212b977f594d5dbc48631a5c1295c) Importer(815301076,1909f56bfc062723c751e8b465ee728b)
Start importing Assets/Sunnyland/artwork/Environment/tileset-sliced.png using Guid(261212b977f594d5dbc48631a5c1295c) Importer(815301076,1909f56bfc062723c751e8b465ee728b)  -> (artifact id: 'ac9de30396122ff16df9f3253de4b2a6') in 0.399894 seconds 
========================================================================
Received Import Request.
  Time since last request: 6.700189 seconds.
  path: Assets/Sunnyland/artwork/Environment/tileset-sliced.png
  artifactKey: Guid(261212b977f594d5dbc48631a5c1295c) Importer(815301076,1909f56bfc062723c751e8b465ee728b)
Start importing Assets/Sunnyland/artwork/Environment/tileset-sliced.png using Guid(261212b977f594d5dbc48631a5c1295c) Importer(815301076,1909f56bfc062723c751e8b465ee728b)  -> (artifact id: '71a684f3ad27acbe4a37129ad3f24d99') in 0.318541 seconds 
========================================================================
Received Import Request.
  Time since last request: 5.526653 seconds.
  path: Assets/Sunnyland/artwork/Environment/tileset-sliced.png
  artifactKey: Guid(261212b977f594d5dbc48631a5c1295c) Importer(815301076,1909f56bfc062723c751e8b465ee728b)
Start importing Assets/Sunnyland/artwork/Environment/tileset-sliced.png using Guid(261212b977f594d5dbc48631a5c1295c) Importer(815301076,1909f56bfc062723c751e8b465ee728b)  -> (artifact id: '4ccb0214e25f61ade982b2636a1fa4a7') in 0.340136 seconds 
========================================================================
Received Import Request.
  Time since last request: 330.502503 seconds.
  path: Assets/Sunnyland/artwork/Environment/tileset-sliced.png
  artifactKey: Guid(261212b977f594d5dbc48631a5c1295c) Importer(815301076,1909f56bfc062723c751e8b465ee728b)
Start importing Assets/Sunnyland/artwork/Environment/tileset-sliced.png using Guid(261212b977f594d5dbc48631a5c1295c) Importer(815301076,1909f56bfc062723c751e8b465ee728b)  -> (artifact id: 'f3799cf65bba4f413db2aa48eff22194') in 0.337638 seconds 
========================================================================
Received Import Request.
  Time since last request: 36.290864 seconds.
  path: Assets/Sunnyland/artwork/Environment/aa
  artifactKey: Guid(4ba3490ff0ef8cc4d9346fa63a60da4a) Importer(815301076,1909f56bfc062723c751e8b465ee728b)
Start importing Assets/Sunnyland/artwork/Environment/aa using Guid(4ba3490ff0ef8cc4d9346fa63a60da4a) Importer(815301076,1909f56bfc062723c751e8b465ee728b)  -> (artifact id: '8398fef61e178c04792593d6ae80b1fa') in 0.001495 seconds 
========================================================================
Received Import Request.
  Time since last request: 0.072481 seconds.
  path: Assets/Sunnyland/artwork/Environment/aa/tileset-sliced_0.asset
  artifactKey: Guid(b807338bb4107634386bf7a2deb5adb0) Importer(815301076,1909f56bfc062723c751e8b465ee728b)
Start importing Assets/Sunnyland/artwork/Environment/aa/tileset-sliced_0.asset using Guid(b807338bb4107634386bf7a2deb5adb0) Importer(815301076,1909f56bfc062723c751e8b465ee728b)  -> (artifact id: 'e258505972ed7f8b6d65adeb418c439d') in 0.018640 seconds 
========================================================================
Received Import Request.
  Time since last request: 0.000019 seconds.
  path: Assets/Sunnyland/artwork/Environment/aa/tileset-sliced_12.asset
  artifactKey: Guid(9aba771607d62ea499e1c6bbdf15c1e7) Importer(815301076,1909f56bfc062723c751e8b465ee728b)
Start importing Assets/Sunnyland/artwork/Environment/aa/tileset-sliced_12.asset using Guid(9aba771607d62ea499e1c6bbdf15c1e7) Importer(815301076,1909f56bfc062723c751e8b465ee728b)  -> (artifact id: '279edcf207e91fba6d9778533e7400e2') in 0.006593 seconds 
========================================================================
Received Import Request.
  Time since last request: 0.000018 seconds.
  path: Assets/Sunnyland/artwork/Environment/aa/tileset-sliced_17.asset
  artifactKey: Guid(c79b3c1a5f33da844a80886158a4d8ef) Importer(815301076,1909f56bfc062723c751e8b465ee728b)
Start importing Assets/Sunnyland/artwork/Environment/aa/tileset-sliced_17.asset using Guid(c79b3c1a5f33da844a80886158a4d8ef) Importer(815301076,1909f56bfc062723c751e8b465ee728b)  -> (artifact id: '2e8584a9d77851e120d576f28fc04902') in 0.006659 seconds 
========================================================================
Received Import Request.
  Time since last request: 0.000019 seconds.
  path: Assets/Sunnyland/artwork/Environment/aa/tileset-sliced_2.asset
  artifactKey: Guid(e531686fbbf6fbd499c03e7ee189ddd2) Importer(815301076,1909f56bfc062723c751e8b465ee728b)
Start importing Assets/Sunnyland/artwork/Environment/aa/tileset-sliced_2.asset using Guid(e531686fbbf6fbd499c03e7ee189ddd2) Importer(815301076,1909f56bfc062723c751e8b465ee728b)  -> (artifact id: 'c5eb32c24181186edb33fd412ee44622') in 0.006547 seconds 
========================================================================
Received Import Request.
  Time since last request: 0.000019 seconds.
  path: Assets/Sunnyland/artwork/Environment/aa/tileset-sliced_85.asset
  artifactKey: Guid(d7bd7b83efac3094fbb5070a67b58bb7) Importer(815301076,1909f56bfc062723c751e8b465ee728b)
Start importing Assets/Sunnyland/artwork/Environment/aa/tileset-sliced_85.asset using Guid(d7bd7b83efac3094fbb5070a67b58bb7) Importer(815301076,1909f56bfc062723c751e8b465ee728b)  -> (artifact id: '9b90b5e4d0de02883c27af94031dc5d0') in 0.006855 seconds 
========================================================================
Received Import Request.
  Time since last request: 0.000020 seconds.
  path: Assets/Sunnyland/artwork/Environment/aa/tileset-sliced_50.asset
  artifactKey: Guid(d4b8796359b48d44f986a9ab413d7840) Importer(815301076,1909f56bfc062723c751e8b465ee728b)
Start importing Assets/Sunnyland/artwork/Environment/aa/tileset-sliced_50.asset using Guid(d4b8796359b48d44f986a9ab413d7840) Importer(815301076,1909f56bfc062723c751e8b465ee728b)  -> (artifact id: 'f28cd8e7118e91585ccdb147afad1be0') in 0.005973 seconds 
========================================================================
Received Import Request.
  Time since last request: 0.000020 seconds.
  path: Assets/Sunnyland/artwork/Environment/aa/tileset-sliced_76.asset
  artifactKey: Guid(db6dd23527e46a342acc3905718dd618) Importer(815301076,1909f56bfc062723c751e8b465ee728b)
Start importing Assets/Sunnyland/artwork/Environment/aa/tileset-sliced_76.asset using Guid(db6dd23527e46a342acc3905718dd618) Importer(815301076,1909f56bfc062723c751e8b465ee728b)  -> (artifact id: '54e4649d98933df3db907ded738d36e9') in 0.007070 seconds 
========================================================================
Received Import Request.
  Time since last request: 0.000030 seconds.
  path: Assets/Sunnyland/artwork/Environment/aa/tileset-sliced_44.asset
  artifactKey: Guid(e0449dd5e7ac4e444a00b990ef3978ed) Importer(815301076,1909f56bfc062723c751e8b465ee728b)
Start importing Assets/Sunnyland/artwork/Environment/aa/tileset-sliced_44.asset using Guid(e0449dd5e7ac4e444a00b990ef3978ed) Importer(815301076,1909f56bfc062723c751e8b465ee728b)  -> (artifact id: 'f88a037bdba3c5c999394ab18dd7f3ad') in 0.006110 seconds 
========================================================================
Received Import Request.
  Time since last request: 0.000032 seconds.
  path: Assets/Sunnyland/artwork/Environment/aa/tileset-sliced_64.asset
  artifactKey: Guid(4065599c188f4bd40824a393e17cded2) Importer(815301076,1909f56bfc062723c751e8b465ee728b)
Start importing Assets/Sunnyland/artwork/Environment/aa/tileset-sliced_64.asset using Guid(4065599c188f4bd40824a393e17cded2) Importer(815301076,1909f56bfc062723c751e8b465ee728b)  -> (artifact id: '5fc062534fadf0a408b81de42901627f') in 0.006573 seconds 
========================================================================
Received Import Request.
  Time since last request: 0.000017 seconds.
  path: Assets/Sunnyland/artwork/Environment/aa/tileset-sliced_53.asset
  artifactKey: Guid(50443dbc1df481446ad85cbadb67f97b) Importer(815301076,1909f56bfc062723c751e8b465ee728b)
Start importing Assets/Sunnyland/artwork/Environment/aa/tileset-sliced_53.asset using Guid(50443dbc1df481446ad85cbadb67f97b) Importer(815301076,1909f56bfc062723c751e8b465ee728b)  -> (artifact id: 'a5e58fb3d1c8de31f8d99cd1184d86e1') in 0.005594 seconds 
========================================================================
Received Import Request.
  Time since last request: 0.000021 seconds.
  path: Assets/Sunnyland/artwork/Environment/aa/tileset-sliced_4.asset
  artifactKey: Guid(c63a012b36e56fb4786738656e2558d8) Importer(815301076,1909f56bfc062723c751e8b465ee728b)
Start importing Assets/Sunnyland/artwork/Environment/aa/tileset-sliced_4.asset using Guid(c63a012b36e56fb4786738656e2558d8) Importer(815301076,1909f56bfc062723c751e8b465ee728b)  -> (artifact id: '98a3edb6aa0e17633661c120bc15441e') in 0.005706 seconds 
========================================================================
Received Import Request.
  Time since last request: 0.000029 seconds.
  path: Assets/Sunnyland/artwork/Environment/aa/tileset-sliced_18.asset
  artifactKey: Guid(8776328f2daf9d34888bd4a74f65988c) Importer(815301076,1909f56bfc062723c751e8b465ee728b)
Start importing Assets/Sunnyland/artwork/Environment/aa/tileset-sliced_18.asset using Guid(8776328f2daf9d34888bd4a74f65988c) Importer(815301076,1909f56bfc062723c751e8b465ee728b)  -> (artifact id: '2ddad73fe5ff49a5399e6617447588a3') in 0.005979 seconds 
========================================================================
Received Import Request.
  Time since last request: 0.000019 seconds.
  path: Assets/Sunnyland/artwork/Environment/aa/tileset-sliced_47.asset
  artifactKey: Guid(ccaebf5047fce8640b9e3998f6300f70) Importer(815301076,1909f56bfc062723c751e8b465ee728b)
Start importing Assets/Sunnyland/artwork/Environment/aa/tileset-sliced_47.asset using Guid(ccaebf5047fce8640b9e3998f6300f70) Importer(815301076,1909f56bfc062723c751e8b465ee728b)  -> (artifact id: '9dbda52729ed5129cbd658062ea408be') in 0.006065 seconds 
========================================================================
Received Import Request.
  Time since last request: 0.000023 seconds.
  path: Assets/Sunnyland/artwork/Environment/aa/tileset-sliced_49.asset
  artifactKey: Guid(417186b472000dd4b866a0c79cfb9c9e) Importer(815301076,1909f56bfc062723c751e8b465ee728b)
Start importing Assets/Sunnyland/artwork/Environment/aa/tileset-sliced_49.asset using Guid(417186b472000dd4b866a0c79cfb9c9e) Importer(815301076,1909f56bfc062723c751e8b465ee728b)  -> (artifact id: 'b9e09f983fb987d40e21297b750481cd') in 0.007502 seconds 
========================================================================
Received Import Request.
  Time since last request: 0.000018 seconds.
  path: Assets/Sunnyland/artwork/Environment/aa/tileset-sliced_19.asset
  artifactKey: Guid(426464aee6b07d547a6cc112e3428c14) Importer(815301076,1909f56bfc062723c751e8b465ee728b)
Start importing Assets/Sunnyland/artwork/Environment/aa/tileset-sliced_19.asset using Guid(426464aee6b07d547a6cc112e3428c14) Importer(815301076,1909f56bfc062723c751e8b465ee728b)  -> (artifact id: 'c95e021b751b78c517871e83c8ea8e6d') in 0.006066 seconds 
========================================================================
Received Import Request.
  Time since last request: 0.000030 seconds.
  path: Assets/Sunnyland/artwork/Environment/aa/tileset-sliced_38.asset
  artifactKey: Guid(55e11d1c54ae84b4eade7c6faf278cd0) Importer(815301076,1909f56bfc062723c751e8b465ee728b)
Start importing Assets/Sunnyland/artwork/Environment/aa/tileset-sliced_38.asset using Guid(55e11d1c54ae84b4eade7c6faf278cd0) Importer(815301076,1909f56bfc062723c751e8b465ee728b)  -> (artifact id: '1b66dee447541d1e7892f6a5b1b908aa') in 0.006337 seconds 
========================================================================
Received Import Request.
  Time since last request: 0.000024 seconds.
  path: Assets/Sunnyland/artwork/Environment/aa/tileset-sliced_78.asset
  artifactKey: Guid(2077ca521443ae84c80a2d31d8e9ef76) Importer(815301076,1909f56bfc062723c751e8b465ee728b)
Start importing Assets/Sunnyland/artwork/Environment/aa/tileset-sliced_78.asset using Guid(2077ca521443ae84c80a2d31d8e9ef76) Importer(815301076,1909f56bfc062723c751e8b465ee728b)  -> (artifact id: '615a899a9840bcf1d072c4cee8d06129') in 0.007383 seconds 
========================================================================
Received Import Request.
  Time since last request: 0.000029 seconds.
  path: Assets/Sunnyland/artwork/Environment/aa/tileset-sliced_88.asset
  artifactKey: Guid(ba917314daf56034c8980cb920471553) Importer(815301076,1909f56bfc062723c751e8b465ee728b)
Start importing Assets/Sunnyland/artwork/Environment/aa/tileset-sliced_88.asset using Guid(ba917314daf56034c8980cb920471553) Importer(815301076,1909f56bfc062723c751e8b465ee728b)  -> (artifact id: '2ead9313dd8bd44d2b5dc50ab3564bbe') in 0.006846 seconds 
========================================================================
Received Import Request.
  Time since last request: 0.000017 seconds.
  path: Assets/Sunnyland/artwork/Environment/aa/tileset-sliced_67.asset
  artifactKey: Guid(3a83072da7b227a48bd846734c94bc18) Importer(815301076,1909f56bfc062723c751e8b465ee728b)
Start importing Assets/Sunnyland/artwork/Environment/aa/tileset-sliced_67.asset using Guid(3a83072da7b227a48bd846734c94bc18) Importer(815301076,1909f56bfc062723c751e8b465ee728b)  -> (artifact id: '44c4886b0048b860aae636aa5c7fdfb0') in 0.007269 seconds 
========================================================================
Received Import Request.
  Time since last request: 0.000018 seconds.
  path: Assets/Sunnyland/artwork/Environment/aa/tileset-sliced_16.asset
  artifactKey: Guid(d3b8e605751d6a04a93f40863e5a2c18) Importer(815301076,1909f56bfc062723c751e8b465ee728b)
Start importing Assets/Sunnyland/artwork/Environment/aa/tileset-sliced_16.asset using Guid(d3b8e605751d6a04a93f40863e5a2c18) Importer(815301076,1909f56bfc062723c751e8b465ee728b)  -> (artifact id: '8da422d1db947d63fc6862b34f3e8350') in 0.006964 seconds 
========================================================================
Received Import Request.
  Time since last request: 0.000016 seconds.
  path: Assets/Sunnyland/artwork/Environment/aa/tileset-sliced_43.asset
  artifactKey: Guid(f2bf65e858aa4cf4ba6c3f6fa9d957ee) Importer(815301076,1909f56bfc062723c751e8b465ee728b)
Start importing Assets/Sunnyland/artwork/Environment/aa/tileset-sliced_43.asset using Guid(f2bf65e858aa4cf4ba6c3f6fa9d957ee) Importer(815301076,1909f56bfc062723c751e8b465ee728b)  -> (artifact id: 'd11bd574384207ddf22ea48e0c273a0e') in 0.006585 seconds 
========================================================================
Received Import Request.
  Time since last request: 0.000021 seconds.
  path: Assets/Sunnyland/artwork/Environment/aa/tileset-sliced_3.asset
  artifactKey: Guid(f691c0ac876365d4b8685f8e9d08270b) Importer(815301076,1909f56bfc062723c751e8b465ee728b)
Start importing Assets/Sunnyland/artwork/Environment/aa/tileset-sliced_3.asset using Guid(f691c0ac876365d4b8685f8e9d08270b) Importer(815301076,1909f56bfc062723c751e8b465ee728b)  -> (artifact id: '0991983210a5ad4839862cb2ae914a3f') in 0.007628 seconds 
========================================================================
Received Import Request.
  Time since last request: 0.000017 seconds.
  path: Assets/Sunnyland/artwork/Environment/aa/tileset-sliced_7.asset
  artifactKey: Guid(b1e9e370e4e52514bbb2eea620c97354) Importer(815301076,1909f56bfc062723c751e8b465ee728b)
Start importing Assets/Sunnyland/artwork/Environment/aa/tileset-sliced_7.asset using Guid(b1e9e370e4e52514bbb2eea620c97354) Importer(815301076,1909f56bfc062723c751e8b465ee728b)  -> (artifact id: '0c6b72de65f1509742c39b69f3ed5b36') in 0.006113 seconds 
========================================================================
Received Import Request.
  Time since last request: 0.000027 seconds.
  path: Assets/Sunnyland/artwork/Environment/aa/tileset-sliced_25.asset
  artifactKey: Guid(5706f2d76c85be549b0c00ec42cf6781) Importer(815301076,1909f56bfc062723c751e8b465ee728b)
Start importing Assets/Sunnyland/artwork/Environment/aa/tileset-sliced_25.asset using Guid(5706f2d76c85be549b0c00ec42cf6781) Importer(815301076,1909f56bfc062723c751e8b465ee728b)  -> (artifact id: 'dd4a35d390e60a997b20459bb34cbcd2') in 0.006267 seconds 
========================================================================
Received Import Request.
  Time since last request: 0.000014 seconds.
  path: Assets/Sunnyland/artwork/Environment/aa/tileset-sliced_80.asset
  artifactKey: Guid(049d5dc3aae405547b0732b4a8b01723) Importer(815301076,1909f56bfc062723c751e8b465ee728b)
Start importing Assets/Sunnyland/artwork/Environment/aa/tileset-sliced_80.asset using Guid(049d5dc3aae405547b0732b4a8b01723) Importer(815301076,1909f56bfc062723c751e8b465ee728b)  -> (artifact id: '215d6d33349ee5e831c7d2b351fea151') in 0.007503 seconds 
========================================================================
Received Import Request.
  Time since last request: 0.000020 seconds.
  path: Assets/Sunnyland/artwork/Environment/aa/tileset-sliced_21.asset
  artifactKey: Guid(cf8f34bdc244aa348af934eaf9858359) Importer(815301076,1909f56bfc062723c751e8b465ee728b)
Start importing Assets/Sunnyland/artwork/Environment/aa/tileset-sliced_21.asset using Guid(cf8f34bdc244aa348af934eaf9858359) Importer(815301076,1909f56bfc062723c751e8b465ee728b)  -> (artifact id: '4ffe9bf5f659a536966d1b68ff0e73bc') in 0.006439 seconds 
========================================================================
Received Import Request.
  Time since last request: 0.000017 seconds.
  path: Assets/Sunnyland/artwork/Environment/aa/tileset-sliced_68.asset
  artifactKey: Guid(86f796c481558d547931e969ab2d743b) Importer(815301076,1909f56bfc062723c751e8b465ee728b)
Start importing Assets/Sunnyland/artwork/Environment/aa/tileset-sliced_68.asset using Guid(86f796c481558d547931e969ab2d743b) Importer(815301076,1909f56bfc062723c751e8b465ee728b)  -> (artifact id: '66eef36229b97df41b52d59e9a0b5dd1') in 0.006198 seconds 
========================================================================
Received Import Request.
  Time since last request: 0.000022 seconds.
  path: Assets/Sunnyland/artwork/Environment/aa/tileset-sliced_82.asset
  artifactKey: Guid(eb4d0148f63e9c84ba08c03de2ce5850) Importer(815301076,1909f56bfc062723c751e8b465ee728b)
Start importing Assets/Sunnyland/artwork/Environment/aa/tileset-sliced_82.asset using Guid(eb4d0148f63e9c84ba08c03de2ce5850) Importer(815301076,1909f56bfc062723c751e8b465ee728b)  -> (artifact id: 'fdf64ed5384582a57c19324170192338') in 0.007680 seconds 
========================================================================
Received Import Request.
  Time since last request: 0.000029 seconds.
  path: Assets/Sunnyland/artwork/Environment/aa/tileset-sliced_41.asset
  artifactKey: Guid(0ec47aca04f9b5845a36a67856e0a3ee) Importer(815301076,1909f56bfc062723c751e8b465ee728b)
Start importing Assets/Sunnyland/artwork/Environment/aa/tileset-sliced_41.asset using Guid(0ec47aca04f9b5845a36a67856e0a3ee) Importer(815301076,1909f56bfc062723c751e8b465ee728b)  -> (artifact id: '9a3f92c92c7ffe9c18907b089c0c9c02') in 0.006452 seconds 
========================================================================
Received Import Request.
  Time since last request: 0.000021 seconds.
  path: Assets/Sunnyland/artwork/Environment/aa/tileset-sliced_22.asset
  artifactKey: Guid(3988dec7cf8712746b6eafdfbf05ad90) Importer(815301076,1909f56bfc062723c751e8b465ee728b)
Start importing Assets/Sunnyland/artwork/Environment/aa/tileset-sliced_22.asset using Guid(3988dec7cf8712746b6eafdfbf05ad90) Importer(815301076,1909f56bfc062723c751e8b465ee728b)  -> (artifact id: '236f547516b21a7f6a3fe369a6fda076') in 0.006023 seconds 
========================================================================
Received Import Request.
  Time since last request: 0.000016 seconds.
  path: Assets/Sunnyland/artwork/Environment/aa/tileset-sliced_74.asset
  artifactKey: Guid(ea096f70569b91544928a03c9552221f) Importer(815301076,1909f56bfc062723c751e8b465ee728b)
Start importing Assets/Sunnyland/artwork/Environment/aa/tileset-sliced_74.asset using Guid(ea096f70569b91544928a03c9552221f) Importer(815301076,1909f56bfc062723c751e8b465ee728b)  -> (artifact id: 'e622b40730a9673b63591f976381a5ae') in 0.006791 seconds 
========================================================================
Received Import Request.
  Time since last request: 0.000039 seconds.
  path: Assets/Sunnyland/artwork/Environment/aa/tileset-sliced_83.asset
  artifactKey: Guid(145b6874c9428054db9a66df65484193) Importer(815301076,1909f56bfc062723c751e8b465ee728b)
Start importing Assets/Sunnyland/artwork/Environment/aa/tileset-sliced_83.asset using Guid(145b6874c9428054db9a66df65484193) Importer(815301076,1909f56bfc062723c751e8b465ee728b)  -> (artifact id: 'c9471a7c8727808baef99a53c4783de5') in 0.006213 seconds 
========================================================================
Received Import Request.
  Time since last request: 0.000019 seconds.
  path: Assets/Sunnyland/artwork/Environment/aa/tileset-sliced_86.asset
  artifactKey: Guid(8de1d8a6cac269a45873d4afc73be812) Importer(815301076,1909f56bfc062723c751e8b465ee728b)
Start importing Assets/Sunnyland/artwork/Environment/aa/tileset-sliced_86.asset using Guid(8de1d8a6cac269a45873d4afc73be812) Importer(815301076,1909f56bfc062723c751e8b465ee728b)  -> (artifact id: 'bacad0c54999d25972e92f7b8bf618ef') in 0.006254 seconds 
========================================================================
Received Import Request.
  Time since last request: 0.000047 seconds.
  path: Assets/Sunnyland/artwork/Environment/aa/tileset-sliced_84.asset
  artifactKey: Guid(6cb9302190427d34c9ecc9f2e053f8eb) Importer(815301076,1909f56bfc062723c751e8b465ee728b)
Start importing Assets/Sunnyland/artwork/Environment/aa/tileset-sliced_84.asset using Guid(6cb9302190427d34c9ecc9f2e053f8eb) Importer(815301076,1909f56bfc062723c751e8b465ee728b)  -> (artifact id: '56f93bb015707450a81968e9a7100c02') in 0.006872 seconds 
========================================================================
Received Import Request.
  Time since last request: 0.000019 seconds.
  path: Assets/Sunnyland/artwork/Environment/aa/tileset-sliced_79.asset
  artifactKey: Guid(107b221e6fcd02642a80baa2b1a7926a) Importer(815301076,1909f56bfc062723c751e8b465ee728b)
Start importing Assets/Sunnyland/artwork/Environment/aa/tileset-sliced_79.asset using Guid(107b221e6fcd02642a80baa2b1a7926a) Importer(815301076,1909f56bfc062723c751e8b465ee728b)  -> (artifact id: '29359ff5ba3b41fa52041221dddc13b9') in 0.006504 seconds 
========================================================================
Received Import Request.
  Time since last request: 0.000020 seconds.
  path: Assets/Sunnyland/artwork/Environment/aa/tileset-sliced_70.asset
  artifactKey: Guid(cc304eb54a6670544a794e3fb20a0160) Importer(815301076,1909f56bfc062723c751e8b465ee728b)
Start importing Assets/Sunnyland/artwork/Environment/aa/tileset-sliced_70.asset using Guid(cc304eb54a6670544a794e3fb20a0160) Importer(815301076,1909f56bfc062723c751e8b465ee728b)  -> (artifact id: '1d410ba0d011af4d5240be08fb7c8fdf') in 0.006538 seconds 
========================================================================
Received Import Request.
  Time since last request: 0.000024 seconds.
  path: Assets/Sunnyland/artwork/Environment/aa/tileset-sliced_81.asset
  artifactKey: Guid(35364156f05dd194f874cb490f39b47b) Importer(815301076,1909f56bfc062723c751e8b465ee728b)
Start importing Assets/Sunnyland/artwork/Environment/aa/tileset-sliced_81.asset using Guid(35364156f05dd194f874cb490f39b47b) Importer(815301076,1909f56bfc062723c751e8b465ee728b)  -> (artifact id: '6faeadaf30376f7c3e794a0ccc66d572') in 0.006062 seconds 
========================================================================
Received Import Request.
  Time since last request: 0.000030 seconds.
  path: Assets/Sunnyland/artwork/Environment/aa/tileset-sliced_29.asset
  artifactKey: Guid(304906150254df549bbf75a052721a1e) Importer(815301076,1909f56bfc062723c751e8b465ee728b)
Start importing Assets/Sunnyland/artwork/Environment/aa/tileset-sliced_29.asset using Guid(304906150254df549bbf75a052721a1e) Importer(815301076,1909f56bfc062723c751e8b465ee728b)  -> (artifact id: '00af523521a020ef6532791a6d913885') in 0.007728 seconds 
========================================================================
Received Import Request.
  Time since last request: 0.000017 seconds.
  path: Assets/Sunnyland/artwork/Environment/aa/tileset-sliced_30.asset
  artifactKey: Guid(3f6edb1be976ba24baea1a3643319696) Importer(815301076,1909f56bfc062723c751e8b465ee728b)
Start importing Assets/Sunnyland/artwork/Environment/aa/tileset-sliced_30.asset using Guid(3f6edb1be976ba24baea1a3643319696) Importer(815301076,1909f56bfc062723c751e8b465ee728b)  -> (artifact id: '526a94ee886eca66b754c2eb63ee0a8e') in 0.006317 seconds 
========================================================================
Received Import Request.
  Time since last request: 0.000039 seconds.
  path: Assets/Sunnyland/artwork/Environment/aa/tileset-sliced_55.asset
  artifactKey: Guid(827dcd4ae05b60448b5dcc290981aeeb) Importer(815301076,1909f56bfc062723c751e8b465ee728b)
Start importing Assets/Sunnyland/artwork/Environment/aa/tileset-sliced_55.asset using Guid(827dcd4ae05b60448b5dcc290981aeeb) Importer(815301076,1909f56bfc062723c751e8b465ee728b)  -> (artifact id: '6f607a52edc455b7ad38bdb069491eb3') in 0.006835 seconds 
========================================================================
Received Import Request.
  Time since last request: 0.000028 seconds.
  path: Assets/Sunnyland/artwork/Environment/aa/tileset-sliced_20.asset
  artifactKey: Guid(fa68b6e39151b64489756cf84e20a307) Importer(815301076,1909f56bfc062723c751e8b465ee728b)
Start importing Assets/Sunnyland/artwork/Environment/aa/tileset-sliced_20.asset using Guid(fa68b6e39151b64489756cf84e20a307) Importer(815301076,1909f56bfc062723c751e8b465ee728b)  -> (artifact id: '81cac17e58a87e0c2394037f7361cd97') in 0.006786 seconds 
========================================================================
Received Import Request.
  Time since last request: 0.000016 seconds.
  path: Assets/Sunnyland/artwork/Environment/aa/tileset-sliced_60.asset
  artifactKey: Guid(07e6ee4d1a4e9554c9774c97cac92ed6) Importer(815301076,1909f56bfc062723c751e8b465ee728b)
Start importing Assets/Sunnyland/artwork/Environment/aa/tileset-sliced_60.asset using Guid(07e6ee4d1a4e9554c9774c97cac92ed6) Importer(815301076,1909f56bfc062723c751e8b465ee728b)  -> (artifact id: 'f271fa4a973ead62b30f82a747079425') in 0.006376 seconds 
========================================================================
Received Import Request.
  Time since last request: 0.000018 seconds.
  path: Assets/Sunnyland/artwork/Environment/aa/tileset-sliced_14.asset
  artifactKey: Guid(03a1b284cd7ba314798b85696f648722) Importer(815301076,1909f56bfc062723c751e8b465ee728b)
Start importing Assets/Sunnyland/artwork/Environment/aa/tileset-sliced_14.asset using Guid(03a1b284cd7ba314798b85696f648722) Importer(815301076,1909f56bfc062723c751e8b465ee728b)  -> (artifact id: '6537b2f58bae5e07e7a13e620e846aa3') in 0.006595 seconds 
========================================================================
Received Import Request.
  Time since last request: 0.000025 seconds.
  path: Assets/Sunnyland/artwork/Environment/aa/tileset-sliced_72.asset
  artifactKey: Guid(bb2b7ff21fb715a44b9e69b505ea9489) Importer(815301076,1909f56bfc062723c751e8b465ee728b)
Start importing Assets/Sunnyland/artwork/Environment/aa/tileset-sliced_72.asset using Guid(bb2b7ff21fb715a44b9e69b505ea9489) Importer(815301076,1909f56bfc062723c751e8b465ee728b)  -> (artifact id: '01bafa2649880c9b628df058dd84aa20') in 0.006060 seconds 
========================================================================
Received Import Request.
  Time since last request: 0.000039 seconds.
  path: Assets/Sunnyland/artwork/Environment/aa/tileset-sliced_15.asset
  artifactKey: Guid(9f816f77178c2ee47b14c6f6f61b1337) Importer(815301076,1909f56bfc062723c751e8b465ee728b)
Start importing Assets/Sunnyland/artwork/Environment/aa/tileset-sliced_15.asset using Guid(9f816f77178c2ee47b14c6f6f61b1337) Importer(815301076,1909f56bfc062723c751e8b465ee728b)  -> (artifact id: '436998904bd88cf2f45ab3f99e452ea3') in 0.006086 seconds 
========================================================================
Received Import Request.
  Time since last request: 0.000039 seconds.
  path: Assets/Sunnyland/artwork/Environment/aa/tileset-sliced_42.asset
  artifactKey: Guid(23372adf5ae371549a9b51a8096ada37) Importer(815301076,1909f56bfc062723c751e8b465ee728b)
Start importing Assets/Sunnyland/artwork/Environment/aa/tileset-sliced_42.asset using Guid(23372adf5ae371549a9b51a8096ada37) Importer(815301076,1909f56bfc062723c751e8b465ee728b)  -> (artifact id: 'b91e059ffe28a04a013b6e2b1d55b444') in 0.006152 seconds 
========================================================================
Received Import Request.
  Time since last request: 0.000022 seconds.
  path: Assets/Sunnyland/artwork/Environment/aa/tileset-sliced_56.asset
  artifactKey: Guid(c266537163e33cf479f2e968b15fc0d3) Importer(815301076,1909f56bfc062723c751e8b465ee728b)
Start importing Assets/Sunnyland/artwork/Environment/aa/tileset-sliced_56.asset using Guid(c266537163e33cf479f2e968b15fc0d3) Importer(815301076,1909f56bfc062723c751e8b465ee728b)  -> (artifact id: '909200ff425ca4738e1c5a2cf3d2f055') in 0.006074 seconds 
Editor requested this worker to shutdown with reason: Scaling down because of idle timeout
AssetImportWorker is now disconnected from the server
Process exiting
Exiting without the bug reporter. Application will terminate with return code 0